2023-04-10 8:32:03 - PHP Notice:  Undefined variable: project in C:\xampp\htdocs\Enats-attendance\admin\view\template\common\menu.tpl on line 5
2023-04-10 8:33:02 - PHP Notice:  Undefined variable: project in C:\xampp\htdocs\Enats-attendance\admin\view\template\common\menu.tpl on line 5
2023-04-10 8:34:03 - PHP Notice:  Undefined variable: project in C:\xampp\htdocs\Enats-attendance\admin\view\template\common\menu.tpl on line 5
2023-04-10 8:34:03 - PHP Notice:  Undefined variable: employee in C:\xampp\htdocs\Enats-attendance\admin\view\template\common\menu.tpl on line 6
2023-04-10 8:34:20 - PHP Notice:  Undefined variable: project in C:\xampp\htdocs\Enats-attendance\admin\view\template\common\menu.tpl on line 5
2023-04-10 8:34:20 - PHP Notice:  Undefined variable: employee in C:\xampp\htdocs\Enats-attendance\admin\view\template\common\menu.tpl on line 6
2023-04-10 8:40:47 - PHP Notice:  Undefined variable: employee in C:\xampp\htdocs\Enats-attendance\admin\view\template\common\menu.tpl on line 6
2023-04-10 8:41:03 - PHP Notice:  Undefined variable: employee in C:\xampp\htdocs\Enats-attendance\admin\view\template\common\menu.tpl on line 6
2023-04-10 8:43:32 - PHP Notice:  Undefined variable: employee in C:\xampp\htdocs\Enats-attendance\admin\view\template\common\menu.tpl on line 6
2023-04-10 8:43:38 - PHP Notice:  Undefined variable: employee in C:\xampp\htdocs\Enats-attendance\admin\view\template\common\menu.tpl on line 6
2023-04-10 8:43:40 - PHP Notice:  Undefined variable: employee in C:\xampp\htdocs\Enats-attendance\admin\view\template\common\menu.tpl on line 6
2023-04-10 8:43:42 - PHP Notice:  Undefined variable: employee in C:\xampp\htdocs\Enats-attendance\admin\view\template\common\menu.tpl on line 6
2023-04-10 8:43:48 - PHP Notice:  Undefined variable: employee in C:\xampp\htdocs\Enats-attendance\admin\view\template\common\menu.tpl on line 6
2023-04-10 8:43:51 - PHP Notice:  Undefined variable: employee in C:\xampp\htdocs\Enats-attendance\admin\view\template\common\menu.tpl on line 6
2023-04-10 8:44:00 - PHP Notice:  Undefined variable: employee in C:\xampp\htdocs\Enats-attendance\admin\view\template\common\menu.tpl on line 6
2023-04-10 8:44:04 - PHP Notice:  Undefined variable: employee in C:\xampp\htdocs\Enats-attendance\admin\view\template\common\menu.tpl on line 6
2023-04-10 8:50:22 - PHP Notice:  Undefined variable: employee in C:\xampp\htdocs\Enats-attendance\admin\view\template\common\menu.tpl on line 6
2023-04-10 8:50:24 - PHP Notice:  Undefined variable: employee in C:\xampp\htdocs\Enats-attendance\admin\view\template\common\menu.tpl on line 6
2023-04-10 8:50:56 - PHP Notice:  Undefined variable: employee in C:\xampp\htdocs\Enats-attendance\admin\view\template\common\menu.tpl on line 6
2023-04-10 8:51:17 - PHP Notice:  Undefined variable: employee in C:\xampp\htdocs\Enats-attendance\admin\view\template\common\menu.tpl on line 6
2023-04-10 8:51:34 - PHP Notice:  Undefined variable: employee in C:\xampp\htdocs\Enats-attendance\admin\view\template\common\menu.tpl on line 6
2023-04-10 8:51:44 - PHP Notice:  Undefined variable: employee in C:\xampp\htdocs\Enats-attendance\admin\view\template\common\menu.tpl on line 6
2023-04-10 8:52:10 - PHP Notice:  Undefined variable: employee in C:\xampp\htdocs\Enats-attendance\admin\view\template\common\menu.tpl on line 6
2023-04-10 8:52:55 - PHP Notice:  Undefined variable: employee in C:\xampp\htdocs\Enats-attendance\admin\view\template\common\menu.tpl on line 6
2023-04-10 8:53:14 - PHP Notice:  Undefined variable: employee in C:\xampp\htdocs\Enats-attendance\admin\view\template\common\menu.tpl on line 6
2023-04-10 8:53:17 - PHP Notice:  Undefined variable: employee in C:\xampp\htdocs\Enats-attendance\admin\view\template\common\menu.tpl on line 6
2023-04-10 8:53:20 - PHP Notice:  Undefined variable: employee in C:\xampp\htdocs\Enats-attendance\admin\view\template\common\menu.tpl on line 6
2023-04-10 8:53:21 - PHP Notice:  Undefined variable: employee in C:\xampp\htdocs\Enats-attendance\admin\view\template\common\menu.tpl on line 6
2023-04-10 8:53:29 - PHP Notice:  Undefined variable: employee in C:\xampp\htdocs\Enats-attendance\admin\view\template\common\menu.tpl on line 6
2023-04-10 8:54:39 - PHP Notice:  Undefined variable: employee in C:\xampp\htdocs\Enats-attendance\admin\view\template\common\menu.tpl on line 6
2023-04-10 8:54:41 - PHP Notice:  Undefined variable: employee in C:\xampp\htdocs\Enats-attendance\admin\view\template\common\menu.tpl on line 6
2023-04-10 8:54:45 - PHP Notice:  Undefined variable: employee in C:\xampp\htdocs\Enats-attendance\admin\view\template\common\menu.tpl on line 6
2023-04-10 8:54:46 - PHP Notice:  Undefined variable: employee in C:\xampp\htdocs\Enats-attendance\admin\view\template\common\menu.tpl on line 6
2023-04-10 8:54:53 - PHP Notice:  Undefined variable: employee in C:\xampp\htdocs\Enats-attendance\admin\view\template\common\menu.tpl on line 6
2023-04-10 8:54:54 - PHP Notice:  Undefined variable: employee in C:\xampp\htdocs\Enats-attendance\admin\view\template\common\menu.tpl on line 6
2023-04-10 8:54:55 - PHP Notice:  Undefined variable: employee in C:\xampp\htdocs\Enats-attendance\admin\view\template\common\menu.tpl on line 6
2023-04-10 8:55:36 - PHP Notice:  Undefined variable: employee in C:\xampp\htdocs\Enats-attendance\admin\view\template\common\menu.tpl on line 6
2023-04-10 8:56:41 - PHP Notice:  Undefined variable: employee in C:\xampp\htdocs\Enats-attendance\admin\view\template\common\menu.tpl on line 6
2023-04-10 8:56:41 - PHP Notice:  Undefined variable: column_project_company in C:\xampp\htdocs\Enats-attendance\admin\view\template\catalog\project_list.tpl on line 43
2023-04-10 8:56:51 - PHP Notice:  Undefined variable: employee in C:\xampp\htdocs\Enats-attendance\admin\view\template\common\menu.tpl on line 6
2023-04-10 8:56:51 - PHP Notice:  Undefined variable: column_project_company in C:\xampp\htdocs\Enats-attendance\admin\view\template\catalog\project_list.tpl on line 43
2023-04-10 8:58:04 - PHP Notice:  Undefined variable: employee in C:\xampp\htdocs\Enats-attendance\admin\view\template\common\menu.tpl on line 6
2023-04-10 9:07:06 - PHP Notice:  Undefined variable: manufacturer_total in C:\xampp\htdocs\Enats-attendance\admin\controller\catalog\project.php on line 244
2023-04-10 9:07:06 - PHP Notice:  Undefined variable: manufacturer_total in C:\xampp\htdocs\Enats-attendance\admin\controller\catalog\project.php on line 251
2023-04-10 9:07:06 - PHP Notice:  Undefined variable: manufacturer_total in C:\xampp\htdocs\Enats-attendance\admin\controller\catalog\project.php on line 251
2023-04-10 9:07:06 - PHP Notice:  Undefined variable: manufacturer_total in C:\xampp\htdocs\Enats-attendance\admin\controller\catalog\project.php on line 251
2023-04-10 9:07:06 - PHP Notice:  Undefined variable: manufacturer_total in C:\xampp\htdocs\Enats-attendance\admin\controller\catalog\project.php on line 251
2023-04-10 9:07:06 - PHP Notice:  Undefined variable: manufacturer_total in C:\xampp\htdocs\Enats-attendance\admin\controller\catalog\project.php on line 251
2023-04-10 9:07:06 - PHP Notice:  Undefined variable: employee in C:\xampp\htdocs\Enats-attendance\admin\view\template\common\menu.tpl on line 6
2023-04-10 9:07:43 - PHP Notice:  Undefined variable: employee in C:\xampp\htdocs\Enats-attendance\admin\view\template\common\menu.tpl on line 6
2023-04-10 9:08:55 - PHP Notice:  Undefined index: manufacturer_id in C:\xampp\htdocs\Enats-attendance\admin\controller\catalog\project.php on line 177
2023-04-10 9:08:55 - PHP Notice:  Undefined index: name in C:\xampp\htdocs\Enats-attendance\admin\controller\catalog\project.php on line 178
2023-04-10 9:08:55 - PHP Notice:  Undefined index: sort_order in C:\xampp\htdocs\Enats-attendance\admin\controller\catalog\project.php on line 179
2023-04-10 9:08:55 - PHP Notice:  Undefined index: manufacturer_id in C:\xampp\htdocs\Enats-attendance\admin\controller\catalog\project.php on line 180
2023-04-10 9:08:55 - PHP Notice:  Undefined variable: employee in C:\xampp\htdocs\Enats-attendance\admin\view\template\common\menu.tpl on line 6
2023-04-10 9:08:55 - PHP Notice:  Undefined index: project_id in C:\xampp\htdocs\Enats-attendance\admin\view\template\catalog\project_list.tpl on line 51
2023-04-10 9:08:55 - PHP Notice:  Undefined index: project_id in C:\xampp\htdocs\Enats-attendance\admin\view\template\catalog\project_list.tpl on line 54
2023-04-10 9:09:23 - PHP Notice:  Undefined index: name in C:\xampp\htdocs\Enats-attendance\admin\controller\catalog\project.php on line 178
2023-04-10 9:09:23 - PHP Notice:  Undefined index: sort_order in C:\xampp\htdocs\Enats-attendance\admin\controller\catalog\project.php on line 179
2023-04-10 9:09:23 - PHP Notice:  Undefined index: manufacturer_id in C:\xampp\htdocs\Enats-attendance\admin\controller\catalog\project.php on line 180
2023-04-10 9:09:23 - PHP Notice:  Undefined variable: employee in C:\xampp\htdocs\Enats-attendance\admin\view\template\common\menu.tpl on line 6
2023-04-10 9:12:09 - PHP Notice:  Undefined variable: employee in C:\xampp\htdocs\Enats-attendance\admin\view\template\common\menu.tpl on line 6
2023-04-10 9:12:09 - PHP Notice:  Undefined index: name in C:\xampp\htdocs\Enats-attendance\admin\view\template\catalog\project_list.tpl on line 56
2023-04-10 9:12:09 - PHP Notice:  Undefined index: name in C:\xampp\htdocs\Enats-attendance\admin\view\template\catalog\project_list.tpl on line 57
2023-04-10 9:13:26 - PHP Notice:  Undefined variable: employee in C:\xampp\htdocs\Enats-attendance\admin\view\template\common\menu.tpl on line 6
2023-04-10 9:14:32 - PHP Notice:  Undefined variable: employee in C:\xampp\htdocs\Enats-attendance\admin\view\template\common\menu.tpl on line 6
2023-04-10 9:14:45 - PHP Notice:  Undefined variable: employee in C:\xampp\htdocs\Enats-attendance\admin\view\template\common\menu.tpl on line 6
2023-04-10 9:15:27 - PHP Notice:  Undefined variable: employee in C:\xampp\htdocs\Enats-attendance\admin\view\template\common\menu.tpl on line 6
2023-04-10 9:15:27 - PHP Notice:  Undefined variable: column_phone in C:\xampp\htdocs\Enats-attendance\admin\view\template\catalog\project_list.tpl on line 45
2023-04-10 9:15:45 - PHP Notice:  Undefined variable: employee in C:\xampp\htdocs\Enats-attendance\admin\view\template\common\menu.tpl on line 6
2023-04-10 9:16:09 - PHP Notice:  Undefined variable: employee in C:\xampp\htdocs\Enats-attendance\admin\view\template\common\menu.tpl on line 6
2023-04-10 9:16:33 - PHP Notice:  Undefined variable: employee in C:\xampp\htdocs\Enats-attendance\admin\view\template\common\menu.tpl on line 6
2023-04-10 9:16:33 - PHP Notice:  Undefined variable: column_email in C:\xampp\htdocs\Enats-attendance\admin\view\template\catalog\project_list.tpl on line 46
2023-04-10 9:16:43 - PHP Notice:  Undefined variable: employee in C:\xampp\htdocs\Enats-attendance\admin\view\template\common\menu.tpl on line 6
2023-04-10 9:16:43 - PHP Notice:  Undefined variable: column_email in C:\xampp\htdocs\Enats-attendance\admin\view\template\catalog\project_list.tpl on line 46
2023-04-10 9:17:17 - PHP Notice:  Undefined variable: employee in C:\xampp\htdocs\Enats-attendance\admin\view\template\common\menu.tpl on line 6
2023-04-10 9:18:09 - PHP Notice:  Undefined variable: employee in C:\xampp\htdocs\Enats-attendance\admin\view\template\common\menu.tpl on line 6
2023-04-10 9:18:09 - PHP Notice:  Undefined variable: column_project_start_date in C:\xampp\htdocs\Enats-attendance\admin\view\template\catalog\project_list.tpl on line 47
2023-04-10 9:20:43 - PHP Notice:  Undefined variable: employee in C:\xampp\htdocs\Enats-attendance\admin\view\template\common\menu.tpl on line 6
2023-04-10 9:21:07 - PHP Notice:  Undefined variable: employee in C:\xampp\htdocs\Enats-attendance\admin\view\template\common\menu.tpl on line 6
2023-04-10 9:22:16 - PHP Notice:  Undefined variable: employee in C:\xampp\htdocs\Enats-attendance\admin\view\template\common\menu.tpl on line 6
2023-04-10 9:23:21 - PHP Notice:  Undefined variable: employee in C:\xampp\htdocs\Enats-attendance\admin\view\template\common\menu.tpl on line 6
2023-04-10 9:24:49 - PHP Notice:  Undefined variable: employee in C:\xampp\htdocs\Enats-attendance\admin\view\template\common\menu.tpl on line 6
2023-04-10 9:24:49 - PHP Notice:  Undefined variable: entry_project_name in C:\xampp\htdocs\Enats-attendance\admin\view\template\catalog\project_form.tpl on line 29
2023-04-10 9:24:49 - PHP Notice:  Undefined variable: project_name in C:\xampp\htdocs\Enats-attendance\admin\view\template\catalog\project_form.tpl on line 31
2023-04-10 9:29:15 - PHP Notice:  Undefined variable: employee in C:\xampp\htdocs\Enats-attendance\admin\view\template\common\menu.tpl on line 6
2023-04-10 9:29:15 - PHP Notice:  Undefined variable: project_name in C:\xampp\htdocs\Enats-attendance\admin\view\template\catalog\project_form.tpl on line 31
2023-04-10 9:29:15 - PHP Notice:  Undefined variable: entry_name in C:\xampp\htdocs\Enats-attendance\admin\view\template\catalog\project_form.tpl on line 31
2023-04-10 9:29:15 - PHP Notice:  Undefined variable: entry_name in C:\xampp\htdocs\Enats-attendance\admin\view\template\catalog\project_form.tpl on line 38
2023-04-10 9:29:15 - PHP Notice:  Undefined variable: entry_name in C:\xampp\htdocs\Enats-attendance\admin\view\template\catalog\project_form.tpl on line 40
2023-04-10 9:29:29 - PHP Notice:  Undefined variable: employee in C:\xampp\htdocs\Enats-attendance\admin\view\template\common\menu.tpl on line 6
2023-04-10 9:29:29 - PHP Notice:  Undefined variable: project_name in C:\xampp\htdocs\Enats-attendance\admin\view\template\catalog\project_form.tpl on line 31
2023-04-10 9:29:29 - PHP Notice:  Undefined variable: entry_name in C:\xampp\htdocs\Enats-attendance\admin\view\template\catalog\project_form.tpl on line 31
2023-04-10 9:29:29 - PHP Notice:  Undefined variable: entry_name in C:\xampp\htdocs\Enats-attendance\admin\view\template\catalog\project_form.tpl on line 38
2023-04-10 9:29:29 - PHP Notice:  Undefined variable: entry_name in C:\xampp\htdocs\Enats-attendance\admin\view\template\catalog\project_form.tpl on line 40
2023-04-10 9:30:05 - PHP Notice:  Undefined variable: employee in C:\xampp\htdocs\Enats-attendance\admin\view\template\common\menu.tpl on line 6
2023-04-10 9:30:05 - PHP Notice:  Undefined variable: project_name in C:\xampp\htdocs\Enats-attendance\admin\view\template\catalog\project_form.tpl on line 31
2023-04-10 9:30:05 - PHP Notice:  Undefined variable: entry_name in C:\xampp\htdocs\Enats-attendance\admin\view\template\catalog\project_form.tpl on line 31
2023-04-10 9:30:05 - PHP Notice:  Undefined variable: entry_name in C:\xampp\htdocs\Enats-attendance\admin\view\template\catalog\project_form.tpl on line 38
2023-04-10 9:30:05 - PHP Notice:  Undefined variable: entry_name in C:\xampp\htdocs\Enats-attendance\admin\view\template\catalog\project_form.tpl on line 40
2023-04-10 9:30:27 - PHP Notice:  Undefined variable: employee in C:\xampp\htdocs\Enats-attendance\admin\view\template\common\menu.tpl on line 6
2023-04-10 9:30:27 - PHP Notice:  Undefined variable: project_name in C:\xampp\htdocs\Enats-attendance\admin\view\template\catalog\project_form.tpl on line 31
2023-04-10 9:30:27 - PHP Notice:  Undefined variable: entry_name in C:\xampp\htdocs\Enats-attendance\admin\view\template\catalog\project_form.tpl on line 31
2023-04-10 9:30:27 - PHP Notice:  Undefined variable: entry_name in C:\xampp\htdocs\Enats-attendance\admin\view\template\catalog\project_form.tpl on line 38
2023-04-10 9:30:27 - PHP Notice:  Undefined variable: entry_name in C:\xampp\htdocs\Enats-attendance\admin\view\template\catalog\project_form.tpl on line 40
2023-04-10 9:31:44 - PHP Notice:  Undefined variable: employee in C:\xampp\htdocs\Enats-attendance\admin\view\template\common\menu.tpl on line 6
2023-04-10 9:31:44 - PHP Notice:  Undefined variable: entry_name in C:\xampp\htdocs\Enats-attendance\admin\view\template\catalog\project_form.tpl on line 31
2023-04-10 9:31:44 - PHP Notice:  Undefined variable: entry_name in C:\xampp\htdocs\Enats-attendance\admin\view\template\catalog\project_form.tpl on line 38
2023-04-10 9:31:44 - PHP Notice:  Undefined variable: name in C:\xampp\htdocs\Enats-attendance\admin\view\template\catalog\project_form.tpl on line 40
2023-04-10 9:31:44 - PHP Notice:  Undefined variable: entry_name in C:\xampp\htdocs\Enats-attendance\admin\view\template\catalog\project_form.tpl on line 40
2023-04-10 9:32:19 - PHP Notice:  Undefined variable: employee in C:\xampp\htdocs\Enats-attendance\admin\view\template\common\menu.tpl on line 6
2023-04-10 9:32:19 - PHP Notice:  Undefined variable: project_project_name in C:\xampp\htdocs\Enats-attendance\admin\view\template\catalog\project_form.tpl on line 31
2023-04-10 9:32:19 - PHP Notice:  Undefined variable: entry_name in C:\xampp\htdocs\Enats-attendance\admin\view\template\catalog\project_form.tpl on line 31
2023-04-10 9:32:19 - PHP Notice:  Undefined variable: entry_name in C:\xampp\htdocs\Enats-attendance\admin\view\template\catalog\project_form.tpl on line 38
2023-04-10 9:32:19 - PHP Notice:  Undefined variable: name in C:\xampp\htdocs\Enats-attendance\admin\view\template\catalog\project_form.tpl on line 40
2023-04-10 9:32:19 - PHP Notice:  Undefined variable: entry_name in C:\xampp\htdocs\Enats-attendance\admin\view\template\catalog\project_form.tpl on line 40
2023-04-10 9:32:29 - PHP Notice:  Undefined variable: employee in C:\xampp\htdocs\Enats-attendance\admin\view\template\common\menu.tpl on line 6
2023-04-10 9:32:29 - PHP Notice:  Undefined variable: entry_name in C:\xampp\htdocs\Enats-attendance\admin\view\template\catalog\project_form.tpl on line 31
2023-04-10 9:32:29 - PHP Notice:  Undefined variable: entry_name in C:\xampp\htdocs\Enats-attendance\admin\view\template\catalog\project_form.tpl on line 38
2023-04-10 9:32:29 - PHP Notice:  Undefined variable: name in C:\xampp\htdocs\Enats-attendance\admin\view\template\catalog\project_form.tpl on line 40
2023-04-10 9:32:29 - PHP Notice:  Undefined variable: entry_name in C:\xampp\htdocs\Enats-attendance\admin\view\template\catalog\project_form.tpl on line 40
2023-04-10 9:32:52 - PHP Notice:  Undefined variable: employee in C:\xampp\htdocs\Enats-attendance\admin\view\template\common\menu.tpl on line 6
2023-04-10 9:32:52 - PHP Notice:  Undefined variable: entry_name in C:\xampp\htdocs\Enats-attendance\admin\view\template\catalog\project_form.tpl on line 38
2023-04-10 9:32:52 - PHP Notice:  Undefined variable: name in C:\xampp\htdocs\Enats-attendance\admin\view\template\catalog\project_form.tpl on line 40
2023-04-10 9:32:52 - PHP Notice:  Undefined variable: entry_name in C:\xampp\htdocs\Enats-attendance\admin\view\template\catalog\project_form.tpl on line 40
2023-04-10 9:34:02 - PHP Notice:  Undefined variable: employee in C:\xampp\htdocs\Enats-attendance\admin\view\template\common\menu.tpl on line 6
2023-04-10 9:34:28 - PHP Notice:  Undefined variable: employee in C:\xampp\htdocs\Enats-attendance\admin\view\template\common\menu.tpl on line 6
2023-04-10 9:39:08 - PHP Notice:  Undefined variable: employee in C:\xampp\htdocs\Enats-attendance\admin\view\template\common\menu.tpl on line 6
2023-04-10 9:39:08 - PHP Notice:  Undefined variable: entry_contact_person in C:\xampp\htdocs\Enats-attendance\admin\view\template\catalog\project_form.tpl on line 47
2023-04-10 9:39:08 - PHP Notice:  Undefined variable: entry_contact_person in C:\xampp\htdocs\Enats-attendance\admin\view\template\catalog\project_form.tpl on line 49
2023-04-10 9:39:54 - PHP Notice:  Undefined variable: employee in C:\xampp\htdocs\Enats-attendance\admin\view\template\common\menu.tpl on line 6
2023-04-10 9:41:17 - PHP Notice:  Undefined variable: employee in C:\xampp\htdocs\Enats-attendance\admin\view\template\common\menu.tpl on line 6
2023-04-10 9:41:45 - PHP Notice:  Undefined variable: employee in C:\xampp\htdocs\Enats-attendance\admin\view\template\common\menu.tpl on line 6
2023-04-10 9:43:30 - PHP Notice:  Undefined variable: employee in C:\xampp\htdocs\Enats-attendance\admin\view\template\common\menu.tpl on line 6
2023-04-10 9:43:58 - PHP Notice:  Undefined variable: employee in C:\xampp\htdocs\Enats-attendance\admin\view\template\common\menu.tpl on line 6
2023-04-10 9:44:34 - PHP Notice:  Undefined variable: employee in C:\xampp\htdocs\Enats-attendance\admin\view\template\common\menu.tpl on line 6
2023-04-10 9:48:46 - PHP Notice:  Undefined variable: employee in C:\xampp\htdocs\Enats-attendance\admin\view\template\common\menu.tpl on line 6
2023-04-10 9:50:03 - PHP Notice:  Undefined variable: employee in C:\xampp\htdocs\Enats-attendance\admin\view\template\common\menu.tpl on line 6
2023-04-10 9:50:03 - PHP Notice:  Undefined variable: entry_project_start_date in C:\xampp\htdocs\Enats-attendance\admin\view\template\catalog\project_form.tpl on line 74
2023-04-10 9:50:03 - PHP Notice:  Undefined variable: project_start_date in C:\xampp\htdocs\Enats-attendance\admin\view\template\catalog\project_form.tpl on line 76
2023-04-10 9:50:03 - PHP Notice:  Undefined variable: entry_project_start_date in C:\xampp\htdocs\Enats-attendance\admin\view\template\catalog\project_form.tpl on line 76
2023-04-10 9:50:22 - PHP Notice:  Undefined variable: employee in C:\xampp\htdocs\Enats-attendance\admin\view\template\common\menu.tpl on line 6
2023-04-10 9:50:22 - PHP Notice:  Undefined variable: project_start_date in C:\xampp\htdocs\Enats-attendance\admin\view\template\catalog\project_form.tpl on line 76
2023-04-10 9:51:06 - PHP Notice:  Undefined variable: employee in C:\xampp\htdocs\Enats-attendance\admin\view\template\common\menu.tpl on line 6
2023-04-10 9:51:06 - PHP Notice:  Undefined variable: project_start_date in C:\xampp\htdocs\Enats-attendance\admin\view\template\catalog\project_form.tpl on line 76
2023-04-10 9:51:51 - PHP Notice:  Undefined variable: employee in C:\xampp\htdocs\Enats-attendance\admin\view\template\common\menu.tpl on line 6
2023-04-10 9:51:51 - PHP Notice:  Undefined variable: project_start_date in C:\xampp\htdocs\Enats-attendance\admin\view\template\catalog\project_form.tpl on line 76
2023-04-10 9:52:36 - PHP Notice:  Undefined variable: employee in C:\xampp\htdocs\Enats-attendance\admin\view\template\common\menu.tpl on line 6
2023-04-10 9:52:36 - PHP Notice:  Undefined variable: project_start_date in C:\xampp\htdocs\Enats-attendance\admin\view\template\catalog\project_form.tpl on line 76
2023-04-10 9:52:36 - PHP Notice:  Undefined variable: entry_project_end_date in C:\xampp\htdocs\Enats-attendance\admin\view\template\catalog\project_form.tpl on line 83
2023-04-10 9:52:36 - PHP Notice:  Undefined variable: project_end_date in C:\xampp\htdocs\Enats-attendance\admin\view\template\catalog\project_form.tpl on line 85
2023-04-10 9:53:04 - PHP Notice:  Undefined variable: employee in C:\xampp\htdocs\Enats-attendance\admin\view\template\common\menu.tpl on line 6
2023-04-10 9:53:04 - PHP Notice:  Undefined variable: project_start_date in C:\xampp\htdocs\Enats-attendance\admin\view\template\catalog\project_form.tpl on line 76
2023-04-10 9:53:04 - PHP Notice:  Undefined variable: project_end_date in C:\xampp\htdocs\Enats-attendance\admin\view\template\catalog\project_form.tpl on line 85
2023-04-10 9:54:02 - PHP Notice:  Undefined variable: employee in C:\xampp\htdocs\Enats-attendance\admin\view\template\common\menu.tpl on line 6
2023-04-10 9:54:02 - PHP Notice:  Undefined variable: project_start_date in C:\xampp\htdocs\Enats-attendance\admin\view\template\catalog\project_form.tpl on line 76
2023-04-10 9:54:02 - PHP Notice:  Undefined variable: project_end_date in C:\xampp\htdocs\Enats-attendance\admin\view\template\catalog\project_form.tpl on line 85
2023-04-10 9:56:26 - PHP Notice:  Undefined index: name in C:\xampp\htdocs\Enats-attendance\admin\controller\catalog\project.php on line 405
2023-04-10 9:56:26 - PHP Notice:  Undefined index: keyword in C:\xampp\htdocs\Enats-attendance\admin\controller\catalog\project.php on line 409
2023-04-10 9:56:26 - PHP Notice:  Undefined variable: employee in C:\xampp\htdocs\Enats-attendance\admin\view\template\common\menu.tpl on line 6
2023-04-10 9:56:26 - PHP Notice:  Undefined variable: project_start_date in C:\xampp\htdocs\Enats-attendance\admin\view\template\catalog\project_form.tpl on line 76
2023-04-10 9:56:26 - PHP Notice:  Undefined variable: project_end_date in C:\xampp\htdocs\Enats-attendance\admin\view\template\catalog\project_form.tpl on line 85
2023-04-10 9:58:12 - PHP Notice:  Undefined variable: employee in C:\xampp\htdocs\Enats-attendance\admin\view\template\common\menu.tpl on line 6
2023-04-10 9:58:12 - PHP Notice:  Undefined variable: project_start_date in C:\xampp\htdocs\Enats-attendance\admin\view\template\catalog\project_form.tpl on line 76
2023-04-10 9:58:12 - PHP Notice:  Undefined variable: project_end_date in C:\xampp\htdocs\Enats-attendance\admin\view\template\catalog\project_form.tpl on line 85
2023-04-10 9:58:15 - PHP Notice:  Undefined variable: employee in C:\xampp\htdocs\Enats-attendance\admin\view\template\common\menu.tpl on line 6
2023-04-10 9:58:15 - PHP Notice:  Undefined variable: project_start_date in C:\xampp\htdocs\Enats-attendance\admin\view\template\catalog\project_form.tpl on line 76
2023-04-10 9:58:15 - PHP Notice:  Undefined variable: project_end_date in C:\xampp\htdocs\Enats-attendance\admin\view\template\catalog\project_form.tpl on line 85
2023-04-10 10:54:26 - PHP Notice:  Undefined variable: employee in C:\xampp\htdocs\Enats-attendance\admin\view\template\common\menu.tpl on line 6
2023-04-10 10:54:33 - PHP Notice:  Undefined variable: employee in C:\xampp\htdocs\Enats-attendance\admin\view\template\common\menu.tpl on line 6
2023-04-10 10:54:33 - PHP Notice:  Undefined variable: project_start_date in C:\xampp\htdocs\Enats-attendance\admin\view\template\catalog\project_form.tpl on line 76
2023-04-10 10:54:33 - PHP Notice:  Undefined variable: project_end_date in C:\xampp\htdocs\Enats-attendance\admin\view\template\catalog\project_form.tpl on line 85
2023-04-10 10:54:35 - PHP Notice:  Undefined variable: employee in C:\xampp\htdocs\Enats-attendance\admin\view\template\common\menu.tpl on line 6
2023-04-10 10:54:36 - PHP Notice:  Undefined variable: employee in C:\xampp\htdocs\Enats-attendance\admin\view\template\common\menu.tpl on line 6
2023-04-10 10:54:37 - PHP Notice:  Undefined variable: employee in C:\xampp\htdocs\Enats-attendance\admin\view\template\common\menu.tpl on line 6
2023-04-10 10:54:39 - PHP Notice:  Undefined variable: employee in C:\xampp\htdocs\Enats-attendance\admin\view\template\common\menu.tpl on line 6
2023-04-10 10:54:39 - PHP Notice:  Undefined variable: project_start_date in C:\xampp\htdocs\Enats-attendance\admin\view\template\catalog\project_form.tpl on line 76
2023-04-10 10:54:39 - PHP Notice:  Undefined variable: project_end_date in C:\xampp\htdocs\Enats-attendance\admin\view\template\catalog\project_form.tpl on line 85
2023-04-10 10:54:42 - PHP Notice:  Undefined variable: employee in C:\xampp\htdocs\Enats-attendance\admin\view\template\common\menu.tpl on line 6
2023-04-10 10:54:43 - PHP Notice:  Undefined variable: employee in C:\xampp\htdocs\Enats-attendance\admin\view\template\common\menu.tpl on line 6
2023-04-10 10:55:12 - PHP Notice:  Undefined variable: employee in C:\xampp\htdocs\Enats-attendance\admin\view\template\common\menu.tpl on line 6
2023-04-10 10:55:12 - PHP Notice:  Undefined variable: project_start_date in C:\xampp\htdocs\Enats-attendance\admin\view\template\catalog\project_form.tpl on line 76
2023-04-10 10:55:12 - PHP Notice:  Undefined variable: project_end_date in C:\xampp\htdocs\Enats-attendance\admin\view\template\catalog\project_form.tpl on line 85
2023-04-10 10:55:24 - PHP Notice:  Undefined variable: employee in C:\xampp\htdocs\Enats-attendance\admin\view\template\common\menu.tpl on line 6
2023-04-10 10:55:31 - PHP Notice:  Undefined variable: employee in C:\xampp\htdocs\Enats-attendance\admin\view\template\common\menu.tpl on line 6
2023-04-10 10:55:31 - PHP Notice:  Undefined variable: project_start_date in C:\xampp\htdocs\Enats-attendance\admin\view\template\catalog\project_form.tpl on line 76
2023-04-10 10:55:31 - PHP Notice:  Undefined variable: project_end_date in C:\xampp\htdocs\Enats-attendance\admin\view\template\catalog\project_form.tpl on line 85
2023-04-10 10:55:35 - PHP Notice:  Undefined variable: employee in C:\xampp\htdocs\Enats-attendance\admin\view\template\common\menu.tpl on line 6
2023-04-10 10:55:38 - PHP Notice:  Undefined variable: employee in C:\xampp\htdocs\Enats-attendance\admin\view\template\common\menu.tpl on line 6
2023-04-10 10:55:38 - PHP Notice:  Undefined variable: project_start_date in C:\xampp\htdocs\Enats-attendance\admin\view\template\catalog\project_form.tpl on line 76
2023-04-10 10:55:38 - PHP Notice:  Undefined variable: project_end_date in C:\xampp\htdocs\Enats-attendance\admin\view\template\catalog\project_form.tpl on line 85
2023-04-10 10:56:54 - PHP Notice:  Undefined variable: employee in C:\xampp\htdocs\Enats-attendance\admin\view\template\common\menu.tpl on line 6
2023-04-10 10:56:55 - PHP Notice:  Undefined variable: employee in C:\xampp\htdocs\Enats-attendance\admin\view\template\common\menu.tpl on line 6
2023-04-10 10:56:58 - PHP Notice:  Undefined variable: employee in C:\xampp\htdocs\Enats-attendance\admin\view\template\common\menu.tpl on line 6
2023-04-10 10:56:58 - PHP Notice:  Undefined variable: project_start_date in C:\xampp\htdocs\Enats-attendance\admin\view\template\catalog\project_form.tpl on line 76
2023-04-10 10:56:58 - PHP Notice:  Undefined variable: project_end_date in C:\xampp\htdocs\Enats-attendance\admin\view\template\catalog\project_form.tpl on line 85
2023-04-10 10:57:25 - PHP Notice:  Undefined variable: employee in C:\xampp\htdocs\Enats-attendance\admin\view\template\common\menu.tpl on line 6
2023-04-10 10:57:26 - PHP Notice:  Undefined variable: employee in C:\xampp\htdocs\Enats-attendance\admin\view\template\common\menu.tpl on line 6
2023-04-10 10:57:47 - PHP Notice:  Undefined variable: employee in C:\xampp\htdocs\Enats-attendance\admin\view\template\common\menu.tpl on line 6
2023-04-10 10:57:47 - PHP Notice:  Undefined variable: project_start_date in C:\xampp\htdocs\Enats-attendance\admin\view\template\catalog\project_form.tpl on line 76
2023-04-10 10:57:47 - PHP Notice:  Undefined variable: project_end_date in C:\xampp\htdocs\Enats-attendance\admin\view\template\catalog\project_form.tpl on line 85
2023-04-10 11:00:06 - PHP Notice:  Undefined variable: employee in C:\xampp\htdocs\Enats-attendance\admin\view\template\common\menu.tpl on line 6
2023-04-10 11:00:07 - PHP Notice:  Undefined variable: employee in C:\xampp\htdocs\Enats-attendance\admin\view\template\common\menu.tpl on line 6
2023-04-10 11:00:10 - PHP Notice:  Undefined variable: employee in C:\xampp\htdocs\Enats-attendance\admin\view\template\common\menu.tpl on line 6
2023-04-10 11:00:10 - PHP Notice:  Undefined variable: project_start_date in C:\xampp\htdocs\Enats-attendance\admin\view\template\catalog\project_form.tpl on line 76
2023-04-10 11:00:10 - PHP Notice:  Undefined variable: project_end_date in C:\xampp\htdocs\Enats-attendance\admin\view\template\catalog\project_form.tpl on line 85
2023-04-10 11:00:14 - PHP Notice:  Undefined variable: employee in C:\xampp\htdocs\Enats-attendance\admin\view\template\common\menu.tpl on line 6
2023-04-10 11:00:16 - PHP Notice:  Undefined variable: employee in C:\xampp\htdocs\Enats-attendance\admin\view\template\common\menu.tpl on line 6
2023-04-10 11:00:16 - PHP Notice:  Undefined variable: project_start_date in C:\xampp\htdocs\Enats-attendance\admin\view\template\catalog\project_form.tpl on line 76
2023-04-10 11:00:16 - PHP Notice:  Undefined variable: project_end_date in C:\xampp\htdocs\Enats-attendance\admin\view\template\catalog\project_form.tpl on line 85
2023-04-10 11:00:21 - PHP Notice:  Undefined variable: employee in C:\xampp\htdocs\Enats-attendance\admin\view\template\common\menu.tpl on line 6
2023-04-10 11:00:23 - PHP Notice:  Undefined variable: employee in C:\xampp\htdocs\Enats-attendance\admin\view\template\common\menu.tpl on line 6
2023-04-10 11:00:23 - PHP Notice:  Undefined variable: project_start_date in C:\xampp\htdocs\Enats-attendance\admin\view\template\catalog\project_form.tpl on line 76
2023-04-10 11:00:23 - PHP Notice:  Undefined variable: project_end_date in C:\xampp\htdocs\Enats-attendance\admin\view\template\catalog\project_form.tpl on line 85
2023-04-10 11:00:25 - PHP Notice:  Undefined variable: employee in C:\xampp\htdocs\Enats-attendance\admin\view\template\common\menu.tpl on line 6
2023-04-10 11:01:29 - PHP Notice:  Undefined variable: employee in C:\xampp\htdocs\Enats-attendance\admin\view\template\common\menu.tpl on line 6
2023-04-10 11:01:31 - PHP Notice:  Undefined variable: employee in C:\xampp\htdocs\Enats-attendance\admin\view\template\common\menu.tpl on line 6
2023-04-10 11:01:32 - PHP Notice:  Undefined variable: employee in C:\xampp\htdocs\Enats-attendance\admin\view\template\common\menu.tpl on line 6
2023-04-10 11:01:34 - PHP Notice:  Undefined variable: employee in C:\xampp\htdocs\Enats-attendance\admin\view\template\common\menu.tpl on line 6
2023-04-10 11:01:36 - PHP Notice:  Undefined variable: employee in C:\xampp\htdocs\Enats-attendance\admin\view\template\common\menu.tpl on line 6
2023-04-10 11:01:38 - PHP Notice:  Undefined variable: employee in C:\xampp\htdocs\Enats-attendance\admin\view\template\common\menu.tpl on line 6
2023-04-10 11:04:05 - PHP Notice:  Undefined variable: employee in C:\xampp\htdocs\Enats-attendance\admin\view\template\common\menu.tpl on line 6
2023-04-10 11:04:12 - PHP Notice:  Undefined variable: employee in C:\xampp\htdocs\Enats-attendance\admin\view\template\common\menu.tpl on line 6
2023-04-10 11:04:29 - PHP Notice:  Undefined variable: manufacturer_id in C:\xampp\htdocs\Enats-attendance\admin\model\catalog\project.php on line 30
2023-04-10 11:05:19 - PHP Notice:  Undefined variable: employee in C:\xampp\htdocs\Enats-attendance\admin\view\template\common\menu.tpl on line 6
2023-04-10 11:05:22 - PHP Notice:  Undefined variable: employee in C:\xampp\htdocs\Enats-attendance\admin\view\template\common\menu.tpl on line 6
2023-04-10 11:06:08 - PHP Notice:  Undefined variable: employee in C:\xampp\htdocs\Enats-attendance\admin\view\template\common\menu.tpl on line 6
2023-04-10 11:08:38 - PHP Notice:  Undefined variable: employee in C:\xampp\htdocs\Enats-attendance\admin\view\template\common\menu.tpl on line 6
2023-04-10 11:08:39 - PHP Notice:  Undefined variable: employee in C:\xampp\htdocs\Enats-attendance\admin\view\template\common\menu.tpl on line 6
2023-04-10 11:08:40 - PHP Notice:  Undefined variable: employee in C:\xampp\htdocs\Enats-attendance\admin\view\template\common\menu.tpl on line 6
2023-04-10 11:08:41 - PHP Notice:  Undefined variable: employee in C:\xampp\htdocs\Enats-attendance\admin\view\template\common\menu.tpl on line 6
2023-04-10 11:10:23 - PHP Notice:  Undefined variable: employee in C:\xampp\htdocs\Enats-attendance\admin\view\template\common\menu.tpl on line 6
2023-04-10 11:10:29 - PHP Notice:  Undefined variable: employee in C:\xampp\htdocs\Enats-attendance\admin\view\template\common\menu.tpl on line 6
2023-04-10 11:13:37 - PHP Notice:  Undefined variable: employee in C:\xampp\htdocs\Enats-attendance\admin\view\template\common\menu.tpl on line 6
2023-04-10 11:15:39 - PHP Notice:  Undefined variable: employee in C:\xampp\htdocs\Enats-attendance\admin\view\template\common\menu.tpl on line 6
2023-04-10 11:15:39 - PHP Notice:  Undefined variable: attendance in C:\xampp\htdocs\Enats-attendance\admin\view\template\common\menu.tpl on line 25
2023-04-10 11:15:39 - PHP Notice:  Undefined variable: text_attendance in C:\xampp\htdocs\Enats-attendance\admin\view\template\common\menu.tpl on line 25
2023-04-10 11:16:20 - PHP Notice:  Undefined variable: employee in C:\xampp\htdocs\Enats-attendance\admin\view\template\common\menu.tpl on line 6
2023-04-10 11:16:20 - PHP Notice:  Undefined variable: attendance in C:\xampp\htdocs\Enats-attendance\admin\view\template\common\menu.tpl on line 25
2023-04-10 11:16:32 - PHP Notice:  Undefined variable: employee in C:\xampp\htdocs\Enats-attendance\admin\view\template\common\menu.tpl on line 6
2023-04-10 11:16:32 - PHP Notice:  Undefined variable: attendance in C:\xampp\htdocs\Enats-attendance\admin\view\template\common\menu.tpl on line 25
2023-04-10 11:16:40 - PHP Notice:  Undefined variable: employee in C:\xampp\htdocs\Enats-attendance\admin\view\template\common\menu.tpl on line 6
2023-04-10 11:16:40 - PHP Notice:  Undefined variable: attendance in C:\xampp\htdocs\Enats-attendance\admin\view\template\common\menu.tpl on line 25
2023-04-10 11:21:08 - PHP Notice:  Undefined variable: employee in C:\xampp\htdocs\Enats-attendance\admin\view\template\common\menu.tpl on line 6
2023-04-10 11:21:08 - PHP Notice:  Undefined variable: attendance in C:\xampp\htdocs\Enats-attendance\admin\view\template\common\menu.tpl on line 25
2023-04-10 11:21:19 - PHP Notice:  Undefined variable: employee in C:\xampp\htdocs\Enats-attendance\admin\view\template\common\menu.tpl on line 6
2023-04-10 11:21:19 - PHP Notice:  Undefined variable: attendance in C:\xampp\htdocs\Enats-attendance\admin\view\template\common\menu.tpl on line 25
2023-04-10 11:21:19 - PHP Notice:  Undefined variable: employee in C:\xampp\htdocs\Enats-attendance\admin\view\template\common\menu.tpl on line 6
2023-04-10 11:21:19 - PHP Notice:  Undefined variable: attendance in C:\xampp\htdocs\Enats-attendance\admin\view\template\common\menu.tpl on line 25
2023-04-10 11:21:20 - PHP Notice:  Undefined variable: employee in C:\xampp\htdocs\Enats-attendance\admin\view\template\common\menu.tpl on line 6
2023-04-10 11:21:20 - PHP Notice:  Undefined variable: attendance in C:\xampp\htdocs\Enats-attendance\admin\view\template\common\menu.tpl on line 25
2023-04-10 11:21:20 - PHP Notice:  Undefined variable: employee in C:\xampp\htdocs\Enats-attendance\admin\view\template\common\menu.tpl on line 6
2023-04-10 11:21:20 - PHP Notice:  Undefined variable: attendance in C:\xampp\htdocs\Enats-attendance\admin\view\template\common\menu.tpl on line 25
2023-04-10 11:23:07 - PHP Notice:  Undefined variable: employee in C:\xampp\htdocs\Enats-attendance\admin\view\template\common\menu.tpl on line 6
2023-04-10 11:23:07 - PHP Notice:  Undefined variable: attendance in C:\xampp\htdocs\Enats-attendance\admin\view\template\common\menu.tpl on line 25
2023-04-10 11:23:09 - PHP Notice:  Undefined variable: employee in C:\xampp\htdocs\Enats-attendance\admin\view\template\common\menu.tpl on line 6
2023-04-10 11:23:09 - PHP Notice:  Undefined variable: attendance in C:\xampp\htdocs\Enats-attendance\admin\view\template\common\menu.tpl on line 25
2023-04-10 11:23:21 - PHP Notice:  Undefined variable: employee in C:\xampp\htdocs\Enats-attendance\admin\view\template\common\menu.tpl on line 6
2023-04-10 11:23:21 - PHP Notice:  Undefined variable: attendance in C:\xampp\htdocs\Enats-attendance\admin\view\template\common\menu.tpl on line 25
2023-04-10 11:29:38 - PHP Notice:  Undefined variable: employee in C:\xampp\htdocs\Enats-attendance\admin\view\template\common\menu.tpl on line 6
2023-04-10 11:29:38 - PHP Notice:  Undefined variable: attendance in C:\xampp\htdocs\Enats-attendance\admin\view\template\common\menu.tpl on line 25
2023-04-10 11:31:50 - PHP Notice:  Undefined variable: employee in C:\xampp\htdocs\Enats-attendance\admin\view\template\common\menu.tpl on line 6
2023-04-10 11:31:50 - PHP Notice:  Undefined variable: attendance in C:\xampp\htdocs\Enats-attendance\admin\view\template\common\menu.tpl on line 25
2023-04-10 11:34:06 - PHP Notice:  Undefined variable: employee in C:\xampp\htdocs\Enats-attendance\admin\view\template\common\menu.tpl on line 6
2023-04-10 11:34:06 - PHP Notice:  Undefined variable: attendance in C:\xampp\htdocs\Enats-attendance\admin\view\template\common\menu.tpl on line 25
2023-04-10 11:34:09 - PHP Notice:  Undefined variable: employee in C:\xampp\htdocs\Enats-attendance\admin\view\template\common\menu.tpl on line 6
2023-04-10 11:34:09 - PHP Notice:  Undefined variable: attendance in C:\xampp\htdocs\Enats-attendance\admin\view\template\common\menu.tpl on line 25
2023-04-10 11:34:10 - PHP Notice:  Undefined variable: employee in C:\xampp\htdocs\Enats-attendance\admin\view\template\common\menu.tpl on line 6
2023-04-10 11:34:10 - PHP Notice:  Undefined variable: attendance in C:\xampp\htdocs\Enats-attendance\admin\view\template\common\menu.tpl on line 25
2023-04-10 11:34:12 - PHP Notice:  Undefined variable: employee in C:\xampp\htdocs\Enats-attendance\admin\view\template\common\menu.tpl on line 6
2023-04-10 11:34:12 - PHP Notice:  Undefined variable: attendance in C:\xampp\htdocs\Enats-attendance\admin\view\template\common\menu.tpl on line 25
2023-04-10 11:34:20 - PHP Notice:  Undefined variable: employee in C:\xampp\htdocs\Enats-attendance\admin\view\template\common\menu.tpl on line 6
2023-04-10 11:34:20 - PHP Notice:  Undefined variable: attendance in C:\xampp\htdocs\Enats-attendance\admin\view\template\common\menu.tpl on line 25
2023-04-10 11:34:21 - PHP Notice:  Undefined variable: employee in C:\xampp\htdocs\Enats-attendance\admin\view\template\common\menu.tpl on line 6
2023-04-10 11:34:21 - PHP Notice:  Undefined variable: attendance in C:\xampp\htdocs\Enats-attendance\admin\view\template\common\menu.tpl on line 25
